<?xml version="1.0" encoding="UTF-8"?>
<testsuite name="com.siigo.qa.runners.CarritoDeCompras" tests="0" skipped="0" failures="0" errors="0" timestamp="1970-01-01T00:00:00" hostname="DESKTOP-NLFAVQD" time="0.0">
  <properties/>
  <system-out><![CDATA[20:24:55.319 [Test worker] DEBUG net.thucydides.core.util.PropertiesFileLocalPreferences - LOADING LOCAL PROPERTIES FROM C:\repo\siigo\serenity.properties 
20:24:55.338 [Test worker] DEBUG net.thucydides.core.util.PropertiesFileLocalPreferences - LOADING LOCAL PROPERTIES FROM C:\repo\siigo\serenity.properties 
20:24:55.338 [Test worker] DEBUG net.thucydides.core.util.PropertiesFileLocalPreferences - LOADING LOCAL PROPERTIES FROM C:\repo\siigo\serenity.properties 
20:24:55.350 [Test worker] DEBUG net.thucydides.core.util.PropertiesFileLocalPreferences - webdriver.driver=chrome
20:24:55.350 [Test worker] DEBUG net.thucydides.core.util.PropertiesFileLocalPreferences - chrome.capabilities.incognito=true
20:24:55.350 [Test worker] DEBUG net.thucydides.core.util.PropertiesFileLocalPreferences - webdriver.chrome.driver=C:\repo\siigo\src\test\resources\drivers\chromedriver.exe
20:24:55.350 [Test worker] DEBUG net.thucydides.core.util.PropertiesFileLocalPreferences - serenity.test.root=starter
20:24:55.350 [Test worker] DEBUG net.thucydides.core.util.PropertiesFileLocalPreferences - chrome.capabilities.acceptSslCerts=true
20:24:55.350 [Test worker] DEBUG net.thucydides.core.util.PropertiesFileLocalPreferences - serenity.console.colors=true
20:24:55.350 [Test worker] DEBUG net.thucydides.core.util.PropertiesFileLocalPreferences - serenity.project.name=Prueba Tecnica Siigo - Elvis Perez
20:24:55.351 [Test worker] DEBUG net.thucydides.core.util.PropertiesFileLocalPreferences - chrome_preferences.pdfjs.disabled=true
20:24:55.351 [Test worker] DEBUG net.thucydides.core.util.PropertiesFileLocalPreferences - serenity.use.unique.browser=true
20:24:55.351 [Test worker] DEBUG net.thucydides.core.util.PropertiesFileLocalPreferences - chrome_preferences.profile_default_content_settings.popups=0
20:24:55.351 [Test worker] DEBUG net.thucydides.core.util.PropertiesFileLocalPreferences - serenity.base.url=https://www.phptravels.net
20:24:55.351 [Test worker] DEBUG net.thucydides.core.util.PropertiesFileLocalPreferences - serenity.browser.maximized=true
20:24:55.581 [Test worker] INFO io.cucumber.core.plugin.SerenityReporter - Running feature from file:///C:/repo/siigo/src/test/resources/features/carrito_de_compras.feature
20:24:55.752 [Test worker] DEBUG net.thucydides.core.util.PropertiesFileLocalPreferences - LOADING LOCAL PROPERTIES FROM C:\repo\siigo\serenity.properties 
20:24:55.756 [Test worker] DEBUG net.thucydides.core.util.PropertiesFileLocalPreferences - LOADING LOCAL PROPERTIES FROM C:\repo\siigo\serenity.properties 
20:24:55.756 [Test worker] DEBUG net.thucydides.core.util.PropertiesFileLocalPreferences - LOADING LOCAL PROPERTIES FROM C:\repo\siigo\serenity.properties 
20:24:55.758 [Test worker] DEBUG net.thucydides.core.util.PropertiesFileLocalPreferences - webdriver.driver=chrome
20:24:55.758 [Test worker] DEBUG net.thucydides.core.util.PropertiesFileLocalPreferences - chrome.capabilities.incognito=true
20:24:55.758 [Test worker] DEBUG net.thucydides.core.util.PropertiesFileLocalPreferences - webdriver.chrome.driver=C:\repo\siigo\src\test\resources\drivers\chromedriver.exe
20:24:55.758 [Test worker] DEBUG net.thucydides.core.util.PropertiesFileLocalPreferences - serenity.test.root=starter
20:24:55.758 [Test worker] DEBUG net.thucydides.core.util.PropertiesFileLocalPreferences - chrome.capabilities.acceptSslCerts=true
20:24:55.758 [Test worker] DEBUG net.thucydides.core.util.PropertiesFileLocalPreferences - serenity.console.colors=true
20:24:55.758 [Test worker] DEBUG net.thucydides.core.util.PropertiesFileLocalPreferences - serenity.project.name=Prueba Tecnica Siigo - Elvis Perez
20:24:55.759 [Test worker] DEBUG net.thucydides.core.util.PropertiesFileLocalPreferences - chrome_preferences.pdfjs.disabled=true
20:24:55.759 [Test worker] DEBUG net.thucydides.core.util.PropertiesFileLocalPreferences - serenity.use.unique.browser=true
20:24:55.759 [Test worker] DEBUG net.thucydides.core.util.PropertiesFileLocalPreferences - chrome_preferences.profile_default_content_settings.popups=0
20:24:55.759 [Test worker] DEBUG net.thucydides.core.util.PropertiesFileLocalPreferences - serenity.base.url=https://www.phptravels.net
20:24:55.759 [Test worker] DEBUG net.thucydides.core.util.PropertiesFileLocalPreferences - serenity.browser.maximized=true
20:24:55.765 [Test worker] INFO  - ?[96m

-------------------------------------------------------------------------------------
     _______. _______ .______       _______ .__   __.  __  .___________.____    ____ 
    /       ||   ____||   _  \     |   ____||  \ |  | |  | |           |\   \  /   / 
   |   (----`|  |__   |  |_)  |    |  |__   |   \|  | |  | `---|  |----` \   \/   /  
    \   \    |   __|  |      /     |   __|  |  . `  | |  |     |  |       \_    _/   
.----)   |   |  |____ |  |\  \----.|  |____ |  |\   | |  |     |  |         |  |     
|_______/    |_______|| _| `._____||_______||__| \__| |__|     |__|         |__|    
                                                                                     
 News and tutorials at http://www.serenity-bdd.info                                  
 Documentation at https://wakaleo.gitbooks.io/the-serenity-book/content/             
 Join the Serenity Community on Gitter: https://gitter.im/serenity-bdd/serenity-core 
 Serenity BDD Support and Training at http://serenity-bdd.info/#/trainingandsupport  
-------------------------------------------------------------------------------------
?[0m
20:24:55.768 [Test worker] DEBUG net.thucydides.core.steps.StepEventBus - Test suite started for story net.thucydides.core.model.Story@59c4c248
20:24:55.769 [Test worker] INFO  - Test Suite Started: Carrito de compras

1 Scenarios (?[32m1 passed?[0m)
5 Steps (?[32m5 passed?[0m)
0m36.273s


20:25:31.853 [Test worker] DEBUG net.thucydides.core.reports.ReportService - Reporting formats: [JSON, HTML]
20:25:31.907 [Test worker] DEBUG net.thucydides.core.reports.ReportService - Reporting formats: [JSON, HTML]
20:25:31.917 [Test worker] DEBUG net.thucydides.core.reports.ReportService - Generating reports for 1 test outcomes using: net.thucydides.core.reports.json.JSONTestOutcomeReporter@339ab815
20:25:31.918 [pool-1-thread-1] DEBUG net.thucydides.core.reports.ReportService - Processing test outcome Carrito de compras:Modificar pedido desde la bolsa de productos
20:25:31.918 [pool-1-thread-1] INFO net.thucydides.core.reports.ReportService - net.thucydides.core.reports.json.JSONTestOutcomeReporter@339ab815: Generating report for test outcome: Carrito de compras:Modificar pedido desde la bolsa de productos
20:25:31.920 [pool-1-thread-1] DEBUG net.thucydides.core.reports.json.JSONTestOutcomeReporter - Generating JSON report for Modificar pedido desde la bolsa de productos to file C:\repo\siigo\target\site\serenity\b0524c84ae690150748f0edc30791c1eea0c537d6cdf3d587170fbd3b9ec2623.json (using temp file C:\repo\siigo\target\site\serenity\b0524c84ae690150748f0edc30791c1eea0c537d6cdf3d587170fbd3b9ec2623.json8d73608e-88b5-45d1-a63a-9cc519158ea0)
20:25:31.960 [pool-1-thread-1] DEBUG net.thucydides.core.reports.ReportService - Processing test outcome Carrito de compras:Modificar pedido desde la bolsa de productos done
20:25:31.960 [Test worker] DEBUG net.thucydides.core.reports.ReportService - Shutting down executor service
20:25:31.961 [Test worker] DEBUG net.thucydides.core.reports.ReportService - Reports generated in: 44 ms
20:25:31.961 [Test worker] DEBUG net.thucydides.core.reports.ReportService - Generating reports for 1 test outcomes using: net.thucydides.core.reports.html.HtmlAcceptanceTestReporter@1e222ed6
20:25:31.961 [pool-2-thread-1] DEBUG net.thucydides.core.reports.ReportService - Processing test outcome Carrito de compras:Modificar pedido desde la bolsa de productos
20:25:31.961 [pool-2-thread-1] INFO net.thucydides.core.reports.ReportService - net.thucydides.core.reports.html.HtmlAcceptanceTestReporter@1e222ed6: Generating report for test outcome: Carrito de compras:Modificar pedido desde la bolsa de productos
20:25:31.981 [pool-2-thread-1] DEBUG net.thucydides.core.requirements.PackageRequirementsTagProvider - Loading requirements from package requirements at: starter
20:25:32.236 [pool-2-thread-1] DEBUG net.thucydides.core.requirements.model.cucumber.CucumberParser - Added feature Carrito de compras
20:25:32.241 [pool-2-thread-1] DEBUG net.thucydides.core.requirements.model.cucumber.CucumberParser - Added feature Testing API
20:25:32.245 [pool-2-thread-1] DEBUG net.thucydides.core.requirements.BaseRequirementsService - Requirement found for test outcome Modificar pedido desde la bolsa de productos-[]: Optional[Requirement{name='Carrito de compras', type='feature' parent = 'null', cardNumber='null'}]
20:25:32.246 [pool-2-thread-1] DEBUG net.thucydides.core.requirements.BaseRequirementsService - Requirement found for test outcome Modificar pedido desde la bolsa de productos-[]: Optional[Requirement{name='Carrito de compras', type='feature' parent = 'null', cardNumber='null'}]
20:25:32.268 [pool-2-thread-1] DEBUG net.thucydides.core.requirements.BaseRequirementsService - Requirement found for test outcome Modificar pedido desde la bolsa de productos-[]: Optional[Requirement{name='Carrito de compras', type='feature' parent = 'null', cardNumber='null'}]
20:25:32.269 [pool-2-thread-1] DEBUG net.thucydides.core.requirements.BaseRequirementsService - Requirement found for test outcome Modificar pedido desde la bolsa de productos-[]: Optional[Requirement{name='Carrito de compras', type='feature' parent = 'null', cardNumber='null'}]
20:25:32.270 [pool-2-thread-1] DEBUG serenity.reporting - Generating report in b0524c84ae690150748f0edc30791c1eea0c537d6cdf3d587170fbd3b9ec2623_screenshots.html
20:25:32.552 [pool-2-thread-1] DEBUG serenity.reporting - Generated report b0524c84ae690150748f0edc30791c1eea0c537d6cdf3d587170fbd3b9ec2623_screenshots.html in 282 ms
20:25:32.877 [pool-2-thread-1] DEBUG serenity.reporting - Generating report in b0524c84ae690150748f0edc30791c1eea0c537d6cdf3d587170fbd3b9ec2623.html
20:25:33.493 [pool-2-thread-1] DEBUG serenity.reporting - Generated report b0524c84ae690150748f0edc30791c1eea0c537d6cdf3d587170fbd3b9ec2623.html in 616 ms
20:25:33.493 [pool-2-thread-1] DEBUG net.thucydides.core.reports.ReportService - Processing test outcome Carrito de compras:Modificar pedido desde la bolsa de productos done
20:25:33.493 [Test worker] DEBUG net.thucydides.core.reports.ReportService - Shutting down executor service
20:25:33.493 [Test worker] DEBUG net.thucydides.core.reports.ReportService - Reports generated in: 1532 ms
20:25:33.635 [Test worker] INFO io.cucumber.core.plugin.SerenityReporter - Cleanup test resources for URI file:///C:/repo/siigo/src/test/resources/features/carrito_de_compras.feature
20:25:33.635 [Test worker] DEBUG net.serenitybdd.core.photography.Darkroom - Closing darkroom
20:25:33.636 [Darkroom Processing Line] DEBUG net.serenitybdd.core.photography.DarkroomProcessingLine - Darkroom processing line shutting down
]]></system-out>
  <system-err><![CDATA[]]></system-err>
</testsuite>
